<?xml version="1.0" encoding="UTF-8"?>
<testsuite xmlns:xsi="http://www.w3.org/2001/XMLSchema-instance" xsi:noNamespaceSchemaLocation="https://maven.apache.org/surefire/maven-surefire-plugin/xsd/surefire-test-report-3.0.xsd" version="3.0" name="com.hrms.runners.SmokeRunner" time="15.083" tests="4" errors="0" skipped="0" failures="2">
  <properties>
    <property name="java.specification.version" value="13"/>
    <property name="sun.jnu.encoding" value="UTF-8"/>
    <property name="java.class.path" value="/Users/syntax/eclipse-workspace/Batch6/Hrms/target/test-classes:/Users/syntax/eclipse-workspace/Batch6/Hrms/target/classes:/Users/syntax/.m2/repository/org/seleniumhq/selenium/selenium-java/3.141.59/selenium-java-3.141.59.jar:/Users/syntax/.m2/repository/org/seleniumhq/selenium/selenium-api/3.141.59/selenium-api-3.141.59.jar:/Users/syntax/.m2/repository/org/seleniumhq/selenium/selenium-chrome-driver/3.141.59/selenium-chrome-driver-3.141.59.jar:/Users/syntax/.m2/repository/org/seleniumhq/selenium/selenium-edge-driver/3.141.59/selenium-edge-driver-3.141.59.jar:/Users/syntax/.m2/repository/org/seleniumhq/selenium/selenium-firefox-driver/3.141.59/selenium-firefox-driver-3.141.59.jar:/Users/syntax/.m2/repository/org/seleniumhq/selenium/selenium-ie-driver/3.141.59/selenium-ie-driver-3.141.59.jar:/Users/syntax/.m2/repository/org/seleniumhq/selenium/selenium-opera-driver/3.141.59/selenium-opera-driver-3.141.59.jar:/Users/syntax/.m2/repository/org/seleniumhq/selenium/selenium-remote-driver/3.141.59/selenium-remote-driver-3.141.59.jar:/Users/syntax/.m2/repository/org/seleniumhq/selenium/selenium-safari-driver/3.141.59/selenium-safari-driver-3.141.59.jar:/Users/syntax/.m2/repository/org/seleniumhq/selenium/selenium-support/3.141.59/selenium-support-3.141.59.jar:/Users/syntax/.m2/repository/net/bytebuddy/byte-buddy/1.8.15/byte-buddy-1.8.15.jar:/Users/syntax/.m2/repository/org/apache/commons/commons-exec/1.3/commons-exec-1.3.jar:/Users/syntax/.m2/repository/com/google/guava/guava/25.0-jre/guava-25.0-jre.jar:/Users/syntax/.m2/repository/com/google/code/findbugs/jsr305/1.3.9/jsr305-1.3.9.jar:/Users/syntax/.m2/repository/org/checkerframework/checker-compat-qual/2.0.0/checker-compat-qual-2.0.0.jar:/Users/syntax/.m2/repository/com/google/errorprone/error_prone_annotations/2.1.3/error_prone_annotations-2.1.3.jar:/Users/syntax/.m2/repository/com/google/j2objc/j2objc-annotations/1.1/j2objc-annotations-1.1.jar:/Users/syntax/.m2/repository/org/codehaus/mojo/animal-sniffer-annotations/1.14/animal-sniffer-annotations-1.14.jar:/Users/syntax/.m2/repository/com/squareup/okhttp3/okhttp/3.11.0/okhttp-3.11.0.jar:/Users/syntax/.m2/repository/com/squareup/okio/okio/1.14.0/okio-1.14.0.jar:/Users/syntax/.m2/repository/org/apache/poi/poi-ooxml/4.1.2/poi-ooxml-4.1.2.jar:/Users/syntax/.m2/repository/org/apache/poi/poi/4.1.2/poi-4.1.2.jar:/Users/syntax/.m2/repository/commons-codec/commons-codec/1.13/commons-codec-1.13.jar:/Users/syntax/.m2/repository/org/apache/commons/commons-collections4/4.4/commons-collections4-4.4.jar:/Users/syntax/.m2/repository/org/apache/commons/commons-math3/3.6.1/commons-math3-3.6.1.jar:/Users/syntax/.m2/repository/com/zaxxer/SparseBitSet/1.2/SparseBitSet-1.2.jar:/Users/syntax/.m2/repository/org/apache/poi/poi-ooxml-schemas/4.1.2/poi-ooxml-schemas-4.1.2.jar:/Users/syntax/.m2/repository/org/apache/xmlbeans/xmlbeans/3.1.0/xmlbeans-3.1.0.jar:/Users/syntax/.m2/repository/org/apache/commons/commons-compress/1.19/commons-compress-1.19.jar:/Users/syntax/.m2/repository/com/github/virtuald/curvesapi/1.06/curvesapi-1.06.jar:/Users/syntax/.m2/repository/commons-io/commons-io/2.6/commons-io-2.6.jar:/Users/syntax/.m2/repository/io/cucumber/cucumber-junit/5.7.0/cucumber-junit-5.7.0.jar:/Users/syntax/.m2/repository/org/apiguardian/apiguardian-api/1.1.0/apiguardian-api-1.1.0.jar:/Users/syntax/.m2/repository/io/cucumber/cucumber-core/5.7.0/cucumber-core-5.7.0.jar:/Users/syntax/.m2/repository/io/cucumber/cucumber-gherkin/5.7.0/cucumber-gherkin-5.7.0.jar:/Users/syntax/.m2/repository/io/cucumber/cucumber-gherkin-vintage/5.7.0/cucumber-gherkin-vintage-5.7.0.jar:/Users/syntax/.m2/repository/io/cucumber/tag-expressions/2.0.4/tag-expressions-2.0.4.jar:/Users/syntax/.m2/repository/io/cucumber/cucumber-expressions/8.3.1/cucumber-expressions-8.3.1.jar:/Users/syntax/.m2/repository/io/cucumber/datatable/3.3.1/datatable-3.3.1.jar:/Users/syntax/.m2/repository/io/cucumber/cucumber-plugin/5.7.0/cucumber-plugin-5.7.0.jar:/Users/syntax/.m2/repository/io/cucumber/docstring/5.7.0/docstring-5.7.0.jar:/Users/syntax/.m2/repository/junit/junit/4.13/junit-4.13.jar:/Users/syntax/.m2/repository/org/hamcrest/hamcrest-core/1.3/hamcrest-core-1.3.jar:/Users/syntax/.m2/repository/io/cucumber/cucumber-java/5.7.0/cucumber-java-5.7.0.jar:/Users/syntax/.m2/repository/io/github/bonigarcia/webdrivermanager/3.8.1/webdrivermanager-3.8.1.jar:/Users/syntax/.m2/repository/org/slf4j/slf4j-api/1.7.25/slf4j-api-1.7.25.jar:/Users/syntax/.m2/repository/com/google/code/gson/gson/2.8.5/gson-2.8.5.jar:/Users/syntax/.m2/repository/org/apache/commons/commons-lang3/3.8.1/commons-lang3-3.8.1.jar:/Users/syntax/.m2/repository/org/apache/httpcomponents/httpclient/4.5.6/httpclient-4.5.6.jar:/Users/syntax/.m2/repository/org/apache/httpcomponents/httpcore/4.4.10/httpcore-4.4.10.jar:/Users/syntax/.m2/repository/commons-logging/commons-logging/1.2/commons-logging-1.2.jar:/Users/syntax/.m2/repository/org/rauschig/jarchivelib/1.0.0/jarchivelib-1.0.0.jar:/Users/syntax/.m2/repository/org/jsoup/jsoup/1.11.3/jsoup-1.11.3.jar:"/>
    <property name="java.vm.vendor" value="Oracle Corporation"/>
    <property name="sun.arch.data.model" value="64"/>
    <property name="java.vendor.url" value="https://openjdk.java.net/"/>
    <property name="os.name" value="Mac OS X"/>
    <property name="java.vm.specification.version" value="13"/>
    <property name="sun.java.launcher" value="SUN_STANDARD"/>
    <property name="user.country" value="US"/>
    <property name="sun.boot.library.path" value="/usr/local/Cellar/openjdk/13.0.2+8_2/libexec/openjdk.jdk/Contents/Home/lib"/>
    <property name="sun.java.command" value="/Users/syntax/eclipse-workspace/Batch6/Hrms/target/surefire/surefirebooter12211612898256609593.jar /Users/syntax/eclipse-workspace/Batch6/Hrms/target/surefire 2020-06-10T21-51-35_432-jvmRun1 surefire11546161616091682183tmp surefire_03329058852913328380tmp"/>
    <property name="http.nonProxyHosts" value="local|*.local|169.254/16|*.169.254/16"/>
    <property name="jdk.debug" value="release"/>
    <property name="surefire.test.class.path" value="/Users/syntax/eclipse-workspace/Batch6/Hrms/target/test-classes:/Users/syntax/eclipse-workspace/Batch6/Hrms/target/classes:/Users/syntax/.m2/repository/org/seleniumhq/selenium/selenium-java/3.141.59/selenium-java-3.141.59.jar:/Users/syntax/.m2/repository/org/seleniumhq/selenium/selenium-api/3.141.59/selenium-api-3.141.59.jar:/Users/syntax/.m2/repository/org/seleniumhq/selenium/selenium-chrome-driver/3.141.59/selenium-chrome-driver-3.141.59.jar:/Users/syntax/.m2/repository/org/seleniumhq/selenium/selenium-edge-driver/3.141.59/selenium-edge-driver-3.141.59.jar:/Users/syntax/.m2/repository/org/seleniumhq/selenium/selenium-firefox-driver/3.141.59/selenium-firefox-driver-3.141.59.jar:/Users/syntax/.m2/repository/org/seleniumhq/selenium/selenium-ie-driver/3.141.59/selenium-ie-driver-3.141.59.jar:/Users/syntax/.m2/repository/org/seleniumhq/selenium/selenium-opera-driver/3.141.59/selenium-opera-driver-3.141.59.jar:/Users/syntax/.m2/repository/org/seleniumhq/selenium/selenium-remote-driver/3.141.59/selenium-remote-driver-3.141.59.jar:/Users/syntax/.m2/repository/org/seleniumhq/selenium/selenium-safari-driver/3.141.59/selenium-safari-driver-3.141.59.jar:/Users/syntax/.m2/repository/org/seleniumhq/selenium/selenium-support/3.141.59/selenium-support-3.141.59.jar:/Users/syntax/.m2/repository/net/bytebuddy/byte-buddy/1.8.15/byte-buddy-1.8.15.jar:/Users/syntax/.m2/repository/org/apache/commons/commons-exec/1.3/commons-exec-1.3.jar:/Users/syntax/.m2/repository/com/google/guava/guava/25.0-jre/guava-25.0-jre.jar:/Users/syntax/.m2/repository/com/google/code/findbugs/jsr305/1.3.9/jsr305-1.3.9.jar:/Users/syntax/.m2/repository/org/checkerframework/checker-compat-qual/2.0.0/checker-compat-qual-2.0.0.jar:/Users/syntax/.m2/repository/com/google/errorprone/error_prone_annotations/2.1.3/error_prone_annotations-2.1.3.jar:/Users/syntax/.m2/repository/com/google/j2objc/j2objc-annotations/1.1/j2objc-annotations-1.1.jar:/Users/syntax/.m2/repository/org/codehaus/mojo/animal-sniffer-annotations/1.14/animal-sniffer-annotations-1.14.jar:/Users/syntax/.m2/repository/com/squareup/okhttp3/okhttp/3.11.0/okhttp-3.11.0.jar:/Users/syntax/.m2/repository/com/squareup/okio/okio/1.14.0/okio-1.14.0.jar:/Users/syntax/.m2/repository/org/apache/poi/poi-ooxml/4.1.2/poi-ooxml-4.1.2.jar:/Users/syntax/.m2/repository/org/apache/poi/poi/4.1.2/poi-4.1.2.jar:/Users/syntax/.m2/repository/commons-codec/commons-codec/1.13/commons-codec-1.13.jar:/Users/syntax/.m2/repository/org/apache/commons/commons-collections4/4.4/commons-collections4-4.4.jar:/Users/syntax/.m2/repository/org/apache/commons/commons-math3/3.6.1/commons-math3-3.6.1.jar:/Users/syntax/.m2/repository/com/zaxxer/SparseBitSet/1.2/SparseBitSet-1.2.jar:/Users/syntax/.m2/repository/org/apache/poi/poi-ooxml-schemas/4.1.2/poi-ooxml-schemas-4.1.2.jar:/Users/syntax/.m2/repository/org/apache/xmlbeans/xmlbeans/3.1.0/xmlbeans-3.1.0.jar:/Users/syntax/.m2/repository/org/apache/commons/commons-compress/1.19/commons-compress-1.19.jar:/Users/syntax/.m2/repository/com/github/virtuald/curvesapi/1.06/curvesapi-1.06.jar:/Users/syntax/.m2/repository/commons-io/commons-io/2.6/commons-io-2.6.jar:/Users/syntax/.m2/repository/io/cucumber/cucumber-junit/5.7.0/cucumber-junit-5.7.0.jar:/Users/syntax/.m2/repository/org/apiguardian/apiguardian-api/1.1.0/apiguardian-api-1.1.0.jar:/Users/syntax/.m2/repository/io/cucumber/cucumber-core/5.7.0/cucumber-core-5.7.0.jar:/Users/syntax/.m2/repository/io/cucumber/cucumber-gherkin/5.7.0/cucumber-gherkin-5.7.0.jar:/Users/syntax/.m2/repository/io/cucumber/cucumber-gherkin-vintage/5.7.0/cucumber-gherkin-vintage-5.7.0.jar:/Users/syntax/.m2/repository/io/cucumber/tag-expressions/2.0.4/tag-expressions-2.0.4.jar:/Users/syntax/.m2/repository/io/cucumber/cucumber-expressions/8.3.1/cucumber-expressions-8.3.1.jar:/Users/syntax/.m2/repository/io/cucumber/datatable/3.3.1/datatable-3.3.1.jar:/Users/syntax/.m2/repository/io/cucumber/cucumber-plugin/5.7.0/cucumber-plugin-5.7.0.jar:/Users/syntax/.m2/repository/io/cucumber/docstring/5.7.0/docstring-5.7.0.jar:/Users/syntax/.m2/repository/junit/junit/4.13/junit-4.13.jar:/Users/syntax/.m2/repository/org/hamcrest/hamcrest-core/1.3/hamcrest-core-1.3.jar:/Users/syntax/.m2/repository/io/cucumber/cucumber-java/5.7.0/cucumber-java-5.7.0.jar:/Users/syntax/.m2/repository/io/github/bonigarcia/webdrivermanager/3.8.1/webdrivermanager-3.8.1.jar:/Users/syntax/.m2/repository/org/slf4j/slf4j-api/1.7.25/slf4j-api-1.7.25.jar:/Users/syntax/.m2/repository/com/google/code/gson/gson/2.8.5/gson-2.8.5.jar:/Users/syntax/.m2/repository/org/apache/commons/commons-lang3/3.8.1/commons-lang3-3.8.1.jar:/Users/syntax/.m2/repository/org/apache/httpcomponents/httpclient/4.5.6/httpclient-4.5.6.jar:/Users/syntax/.m2/repository/org/apache/httpcomponents/httpcore/4.4.10/httpcore-4.4.10.jar:/Users/syntax/.m2/repository/commons-logging/commons-logging/1.2/commons-logging-1.2.jar:/Users/syntax/.m2/repository/org/rauschig/jarchivelib/1.0.0/jarchivelib-1.0.0.jar:/Users/syntax/.m2/repository/org/jsoup/jsoup/1.11.3/jsoup-1.11.3.jar:"/>
    <property name="sun.cpu.endian" value="little"/>
    <property name="user.home" value="/Users/syntax"/>
    <property name="user.language" value="en"/>
    <property name="java.specification.vendor" value="Oracle Corporation"/>
    <property name="java.version.date" value="2020-01-14"/>
    <property name="java.home" value="/usr/local/Cellar/openjdk/13.0.2+8_2/libexec/openjdk.jdk/Contents/Home"/>
    <property name="file.separator" value="/"/>
    <property name="basedir" value="/Users/syntax/eclipse-workspace/Batch6/Hrms"/>
    <property name="java.vm.compressedOopsMode" value="Zero based"/>
    <property name="line.separator" value="&#10;"/>
    <property name="java.specification.name" value="Java Platform API Specification"/>
    <property name="java.vm.specification.vendor" value="Oracle Corporation"/>
    <property name="surefire.real.class.path" value="/Users/syntax/eclipse-workspace/Batch6/Hrms/target/surefire/surefirebooter12211612898256609593.jar"/>
    <property name="sun.management.compiler" value="HotSpot 64-Bit Tiered Compilers"/>
    <property name="ftp.nonProxyHosts" value="local|*.local|169.254/16|*.169.254/16"/>
    <property name="java.runtime.version" value="13.0.2+8"/>
    <property name="user.name" value="syntax"/>
    <property name="path.separator" value=":"/>
    <property name="os.version" value="10.15.2"/>
    <property name="java.runtime.name" value="OpenJDK Runtime Environment"/>
    <property name="file.encoding" value="UTF-8"/>
    <property name="java.vm.name" value="OpenJDK 64-Bit Server VM"/>
    <property name="localRepository" value="/Users/syntax/.m2/repository"/>
    <property name="java.vendor.url.bug" value="https://bugreport.java.com/bugreport/"/>
    <property name="java.io.tmpdir" value="/var/folders/0d/263tkdf562gg6s69zmywrwhh0000gn/T/"/>
    <property name="java.version" value="13.0.2"/>
    <property name="user.dir" value="/Users/syntax/eclipse-workspace/Batch6/Hrms"/>
    <property name="os.arch" value="x86_64"/>
    <property name="java.vm.specification.name" value="Java Virtual Machine Specification"/>
    <property name="java.library.path" value="/Users/syntax/Library/Java/Extensions:/Library/Java/Extensions:/Network/Library/Java/Extensions:/System/Library/Java/Extensions:/usr/lib/java:."/>
    <property name="java.vm.info" value="mixed mode, sharing"/>
    <property name="java.vendor" value="N/A"/>
    <property name="java.vm.version" value="13.0.2+8"/>
    <property name="sun.io.unicode.encoding" value="UnicodeBig"/>
    <property name="socksNonProxyHosts" value="local|*.local|169.254/16|*.169.254/16"/>
    <property name="java.class.version" value="57.0"/>
  </properties>
  <testcase name="Error message validation while invalid login" classname="Login" time="5.009">
    <failure message="Not correct error message is displayed expected:&lt;Invalid [C]redentials&gt; but was:&lt;Invalid [c]redentials&gt;" type="org.junit.ComparisonFailure"><![CDATA[org.junit.ComparisonFailure: Not correct error message is displayed expected:<Invalid [C]redentials> but was:<Invalid [c]redentials>
]]></failure>
    <system-out><![CDATA[
@sprint5 @login @reporting
Scenario Outline: Error message validation while invalid login # src/test/resources/features/Login.feature:24
  When user enter "Admin" and "Admin123"                       # com.hrms.steps.LoginSteps.user_enter_valid_and(java.lang.String,java.lang.String)
  And user click on login button                               # com.hrms.steps.LoginSteps.user_click_on_login_button()
  Then user see "Invalid Credentials"                          # com.hrms.steps.LoginSteps.user_see(java.lang.String)
      org.junit.ComparisonFailure: Not correct error message is displayed expected:<Invalid [C]redentials> but was:<Invalid [c]redentials>
	at org.junit.Assert.assertEquals(Assert.java:117)
	at com.hrms.steps.LoginSteps.user_see(LoginSteps.java:76)
	at ✽.user see "Invalid Credentials"(file:///Users/syntax/eclipse-workspace/Batch6/Hrms/src/test/resources/features/Login.feature:20)


    Embedding Error message validation while invalid login [image/png 75947 bytes]

]]></system-out>
    <system-err><![CDATA[SLF4J: Failed to load class "org.slf4j.impl.StaticLoggerBinder".
SLF4J: Defaulting to no-operation (NOP) logger implementation
SLF4J: See http://www.slf4j.org/codes.html#StaticLoggerBinder for further details.
Starting ChromeDriver 83.0.4103.39 (ccbf011cb2d2b19b506d844400483861342c20cd-refs/branch-heads/4103@{#416}) on port 48288
Only local connections are allowed.
Please see https://chromedriver.chromium.org/security-considerations for suggestions on keeping ChromeDriver safe.
ChromeDriver was started successfully.
Jun 10, 2020 9:51:37 PM org.openqa.selenium.remote.ProtocolHandshake createSession
INFO: Detected dialect: W3C
]]></system-err>
  </testcase>
  <testcase name="Error message validation while invalid login" classname="Login" time="3.278">
    <failure message="Not correct error message is displayed expected:&lt;Invalid [C]redentials&gt; but was:&lt;Invalid [c]redentials&gt;" type="org.junit.ComparisonFailure"><![CDATA[org.junit.ComparisonFailure: Not correct error message is displayed expected:<Invalid [C]redentials> but was:<Invalid [c]redentials>
]]></failure>
    <system-out><![CDATA[
@sprint5 @login @reporting
Scenario Outline: Error message validation while invalid login # src/test/resources/features/Login.feature:25
  When user enter "Hello" and "Syntax123!"                     # com.hrms.steps.LoginSteps.user_enter_valid_and(java.lang.String,java.lang.String)
  And user click on login button                               # com.hrms.steps.LoginSteps.user_click_on_login_button()
  Then user see "Invalid Credentials"                          # com.hrms.steps.LoginSteps.user_see(java.lang.String)
      org.junit.ComparisonFailure: Not correct error message is displayed expected:<Invalid [C]redentials> but was:<Invalid [c]redentials>
	at org.junit.Assert.assertEquals(Assert.java:117)
	at com.hrms.steps.LoginSteps.user_see(LoginSteps.java:76)
	at ✽.user see "Invalid Credentials"(file:///Users/syntax/eclipse-workspace/Batch6/Hrms/src/test/resources/features/Login.feature:20)


    Embedding Error message validation while invalid login [image/png 75947 bytes]

]]></system-out>
    <system-err><![CDATA[Starting ChromeDriver 83.0.4103.39 (ccbf011cb2d2b19b506d844400483861342c20cd-refs/branch-heads/4103@{#416}) on port 42166
Only local connections are allowed.
Please see https://chromedriver.chromium.org/security-considerations for suggestions on keeping ChromeDriver safe.
ChromeDriver was started successfully.
Jun 10, 2020 9:51:42 PM org.openqa.selenium.remote.ProtocolHandshake createSession
INFO: Detected dialect: W3C
]]></system-err>
  </testcase>
  <testcase name="Error message validation while invalid login" classname="Login" time="2.943"/>
  <testcase name="Error message validation while invalid login" classname="Login" time="3.42"/>
</testsuite>