[
  {
    "line": 2,
    "elements": [
      {
        "start_timestamp": "2020-06-12T02:02:41.000Z",
        "before": [
          {
            "result": {
              "duration": 1515000000,
              "status": "passed"
            },
            "match": {
              "location": "com.hrms.steps.Hooks.start()"
            }
          }
        ],
        "line": 7,
        "name": "invalid login",
        "description": "",
        "id": "sace-demo-login;invalid-login",
        "after": [
          {
            "result": {
              "error_message": "org.openqa.selenium.NoSuchWindowException: no such window: target window already closed\nfrom unknown error: web view not found\n  (Session info: chrome\u003d83.0.4103.97)\nBuild info: version: \u00273.141.59\u0027, revision: \u0027e82be7d358\u0027, time: \u00272018-11-14T08:17:03\u0027\nSystem info: host: \u0027Syntaxs-MacBook-Pro.local\u0027, ip: \u0027fe80:0:0:0:b9:cec2:42f:115%en0\u0027, os.name: \u0027Mac OS X\u0027, os.arch: \u0027x86_64\u0027, os.version: \u002710.15.2\u0027, java.version: \u00271.8.0_241\u0027\nDriver info: org.openqa.selenium.chrome.ChromeDriver\nCapabilities {acceptInsecureCerts: false, browserName: chrome, browserVersion: 83.0.4103.97, chrome: {chromedriverVersion: 83.0.4103.39 (ccbf011cb2d2b..., userDataDir: /var/folders/0d/263tkdf562g...}, goog:chromeOptions: {debuggerAddress: localhost:55117}, javascriptEnabled: true, networkConnectionEnabled: false, pageLoadStrategy: normal, platform: MAC, platformName: MAC, proxy: Proxy(), setWindowRect: true, strictFileInteractability: false, timeouts: {implicit: 0, pageLoad: 300000, script: 30000}, unhandledPromptBehavior: dismiss and notify, webauthn:virtualAuthenticators: true}\nSession ID: 9fe10022516865abf9847b4c6c1793a9\n\tat sun.reflect.NativeConstructorAccessorImpl.newInstance0(Native Method)\n\tat sun.reflect.NativeConstructorAccessorImpl.newInstance(NativeConstructorAccessorImpl.java:62)\n\tat sun.reflect.DelegatingConstructorAccessorImpl.newInstance(DelegatingConstructorAccessorImpl.java:45)\n\tat java.lang.reflect.Constructor.newInstance(Constructor.java:423)\n\tat org.openqa.selenium.remote.http.W3CHttpResponseCodec.createException(W3CHttpResponseCodec.java:187)\n\tat org.openqa.selenium.remote.http.W3CHttpResponseCodec.decode(W3CHttpResponseCodec.java:122)\n\tat org.openqa.selenium.remote.http.W3CHttpResponseCodec.decode(W3CHttpResponseCodec.java:49)\n\tat org.openqa.selenium.remote.HttpCommandExecutor.execute(HttpCommandExecutor.java:158)\n\tat org.openqa.selenium.remote.service.DriverCommandExecutor.execute(DriverCommandExecutor.java:83)\n\tat org.openqa.selenium.remote.RemoteWebDriver.execute(RemoteWebDriver.java:552)\n\tat org.openqa.selenium.remote.RemoteWebDriver.execute(RemoteWebDriver.java:609)\n\tat org.openqa.selenium.remote.RemoteWebDriver.getScreenshotAs(RemoteWebDriver.java:295)\n\tat com.hrms.utils.CommonMethods.takeScreenshot(CommonMethods.java:259)\n\tat com.hrms.steps.Hooks.end(Hooks.java:22)\n",
              "duration": 7000000,
              "status": "failed"
            },
            "match": {
              "location": "com.hrms.steps.Hooks.end(io.cucumber.java.Scenario)"
            }
          }
        ],
        "type": "scenario",
        "keyword": "Scenario",
        "steps": [
          {
            "result": {
              "duration": 4000000,
              "status": "passed"
            },
            "line": 8,
            "name": "user enter invalid username as below",
            "match": {
              "location": "com.hrms.steps.SauceDemoLoginSteps.user_enter_invalid_username_as_below(io.cucumber.datatable.DataTable)"
            },
            "rows": [
              {
                "cells": [
                  "username"
                ]
              },
              {
                "cells": [
                  "admin"
                ]
              },
              {
                "cells": [
                  "regular"
                ]
              }
            ],
            "keyword": "When "
          },
          {
            "result": {
              "error_message": "org.openqa.selenium.NoSuchElementException: Cannot locate an element using id\u003dpassword\nFor documentation on this error, please visit: https://www.seleniumhq.org/exceptions/no_such_element.html\nBuild info: version: \u00273.141.59\u0027, revision: \u0027e82be7d358\u0027, time: \u00272018-11-14T08:17:03\u0027\nSystem info: host: \u0027Syntaxs-MacBook-Pro.local\u0027, ip: \u0027fe80:0:0:0:b9:cec2:42f:115%en0\u0027, os.name: \u0027Mac OS X\u0027, os.arch: \u0027x86_64\u0027, os.version: \u002710.15.2\u0027, java.version: \u00271.8.0_241\u0027\nDriver info: driver.version: RemoteWebDriver\n\tat org.openqa.selenium.remote.RemoteWebDriver.findElement(RemoteWebDriver.java:327)\n\tat org.openqa.selenium.remote.RemoteWebDriver.findElementById(RemoteWebDriver.java:372)\n\tat org.openqa.selenium.By$ById.findElement(By.java:188)\n\tat org.openqa.selenium.remote.RemoteWebDriver.findElement(RemoteWebDriver.java:315)\n\tat org.openqa.selenium.support.pagefactory.DefaultElementLocator.findElement(DefaultElementLocator.java:69)\n\tat org.openqa.selenium.support.pagefactory.internal.LocatingElementHandler.invoke(LocatingElementHandler.java:38)\n\tat com.sun.proxy.$Proxy17.clear(Unknown Source)\n\tat com.hrms.utils.CommonMethods.sendText(CommonMethods.java:33)\n\tat com.hrms.steps.SauceDemoLoginSteps.user_enter_invalid_password(SauceDemoLoginSteps.java:31)\n\tat âœ½.user enter invalid password(file:///Users/syntax/eclipse-workspace/Batch6/Hrms/src/test/resources/features/SauceDemoLoginWithDataTable.feature:12)\n",
              "duration": 12209000000,
              "status": "failed"
            },
            "line": 12,
            "name": "user enter invalid password",
            "match": {
              "location": "com.hrms.steps.SauceDemoLoginSteps.user_enter_invalid_password()"
            },
            "keyword": "And "
          },
          {
            "result": {
              "status": "skipped"
            },
            "line": 13,
            "name": "click on login button",
            "match": {
              "location": "com.hrms.steps.SauceDemoLoginSteps.click_on_login_button()"
            },
            "keyword": "And "
          },
          {
            "result": {
              "duration": 1000000,
              "status": "skipped"
            },
            "line": 14,
            "name": "user should see the error message",
            "match": {
              "location": "com.hrms.steps.SauceDemoLoginSteps.user_should_see_the_error_message()"
            },
            "keyword": "Then "
          }
        ]
      }
    ],
    "name": "Sace Demo login",
    "description": "",
    "id": "sace-demo-login",
    "keyword": "Feature",
    "uri": "file:src/test/resources/features/SauceDemoLoginWithDataTable.feature",
    "tags": []
  }
]